C:\USERS\Николай\DOCUMENTS\VISUAL STUDIO 2012\PROJECTS\REVERSEBITS\REVERSEBITS\DEBUG\REVERSEBITS.PCH
C:\USERS\Николай\DOCUMENTS\VISUAL STUDIO 2012\PROJECTS\REVERSEBITS\REVERSEBITS\DEBUG\STDAFX.OBJ
C:\USERS\НИКОЛАЙ\DOCUMENTS\VISUAL STUDIO 2012\PROJECTS\REVERSEBITS\REVERSEBITS\DEBUG\VC110.PDB
C:\USERS\Николай\DOCUMENTS\VISUAL STUDIO 2012\PROJECTS\REVERSEBITS\REVERSEBITS\DEBUG\REVERSEBITS.OBJ
C:\USERS\Николай\DOCUMENTS\VISUAL STUDIO 2012\PROJECTS\REVERSEBITS\DEBUG\REVERSEBITS.ILK
C:\USERS\Николай\DOCUMENTS\VISUAL STUDIO 2012\PROJECTS\REVERSEBITS\DEBUG\REVERSEBITS.EXE
C:\USERS\НИКОЛАЙ\DOCUMENTS\VISUAL STUDIO 2012\PROJECTS\REVERSEBITS\DEBUG\REVERSEBITS.PDB
C:\Users\Николай\Documents\Visual Studio 2012\Projects\reverseBits\reverseBits\Debug\reverseBits.obj
C:\Users\Николай\Documents\Visual Studio 2012\Projects\reverseBits\reverseBits\Debug\stdafx.obj
C:\Users\Николай\Documents\Visual Studio 2012\Projects\reverseBits\reverseBits\Debug\cl.command.1.tlog
C:\Users\Николай\Documents\Visual Studio 2012\Projects\reverseBits\reverseBits\Debug\CL.read.1.tlog
C:\Users\Николай\Documents\Visual Studio 2012\Projects\reverseBits\reverseBits\Debug\CL.write.1.tlog
C:\Users\Николай\Documents\Visual Studio 2012\Projects\reverseBits\reverseBits\Debug\link-cvtres.read.1.tlog
C:\Users\Николай\Documents\Visual Studio 2012\Projects\reverseBits\reverseBits\Debug\link-cvtres.write.1.tlog
C:\Users\Николай\Documents\Visual Studio 2012\Projects\reverseBits\reverseBits\Debug\link-rc.read.1.tlog
C:\Users\Николай\Documents\Visual Studio 2012\Projects\reverseBits\reverseBits\Debug\link-rc.write.1.tlog
C:\Users\Николай\Documents\Visual Studio 2012\Projects\reverseBits\reverseBits\Debug\link.command.1.tlog
C:\Users\Николай\Documents\Visual Studio 2012\Projects\reverseBits\reverseBits\Debug\link.read.1.tlog
C:\Users\Николай\Documents\Visual Studio 2012\Projects\reverseBits\reverseBits\Debug\link.write.1.tlog
C:\Users\Николай\Documents\Visual Studio 2012\Projects\reverseBits\reverseBits\Debug\reverseBits.pch
C:\Users\Николай\Documents\Visual Studio 2012\Projects\reverseBits\reverseBits\Debug\vc110.idb
C:\Users\Николай\Documents\Visual Studio 2012\Projects\reverseBits\reverseBits\Debug\vc110.pdb
C:\Users\Николай\Documents\Visual Studio 2012\Projects\reverseBits\Debug\reverseBits.pdb
C:\Users\Николай\Documents\Visual Studio 2012\Projects\reverseBits\Debug\reverseBits.exe
C:\Users\Николай\Documents\Visual Studio 2012\Projects\reverseBits\Debug\reverseBits.ilk
